c:\users\jcc\desktop\智慧物聯網系統設計實務\mqttclients\mqttclients\release\mqttclients.pch
c:\users\jcc\desktop\智慧物聯網系統設計實務\mqttclients\mqttclients\release\vc141.pdb
c:\users\jcc\desktop\智慧物聯網系統設計實務\mqttclients\mqttclients\release\pch.obj
c:\users\jcc\desktop\智慧物聯網系統設計實務\mqttclients\mqttclients\release\typefuns.obj
c:\users\jcc\desktop\智慧物聯網系統設計實務\mqttclients\mqttclients\release\readconfig.obj
c:\users\jcc\desktop\智慧物聯網系統設計實務\mqttclients\mqttclients\release\msgq.obj
c:\users\jcc\desktop\智慧物聯網系統設計實務\mqttclients\mqttclients\release\mqttclients.obj
c:\users\jcc\desktop\智慧物聯網系統設計實務\mqttclients\mqttclients\release\jstring.obj
c:\users\jcc\desktop\智慧物聯網系統設計實務\mqttclients\mqttclients\release\dbfile.obj
c:\users\jcc\desktop\智慧物聯網系統設計實務\mqttclients\release\mqttclients.exe
c:\users\jcc\desktop\智慧物聯網系統設計實務\mqttclients\release\mqttclients.pdb
c:\users\jcc\desktop\智慧物聯網系統設計實務\mqttclients\release\mqttclients.ipdb
c:\users\jcc\desktop\智慧物聯網系統設計實務\mqttclients\release\mqttclients.iobj
c:\users\jcc\desktop\智慧物聯網系統設計實務\mqttclients\mqttclients\release\msado15.tli
c:\users\jcc\desktop\智慧物聯網系統設計實務\mqttclients\mqttclients\release\msado15.tlh
c:\users\jcc\desktop\智慧物聯網系統設計實務\mqttclients\mqttclients\release\mqttclients.tlog\cl.command.1.tlog
c:\users\jcc\desktop\智慧物聯網系統設計實務\mqttclients\mqttclients\release\mqttclients.tlog\cl.read.1.tlog
c:\users\jcc\desktop\智慧物聯網系統設計實務\mqttclients\mqttclients\release\mqttclients.tlog\cl.write.1.tlog
c:\users\jcc\desktop\智慧物聯網系統設計實務\mqttclients\mqttclients\release\mqttclients.tlog\link.command.1.tlog
c:\users\jcc\desktop\智慧物聯網系統設計實務\mqttclients\mqttclients\release\mqttclients.tlog\link.read.1.tlog
c:\users\jcc\desktop\智慧物聯網系統設計實務\mqttclients\mqttclients\release\mqttclients.tlog\link.write.1.tlog
c:\users\jcc\desktop\智慧物聯網系統設計實務\mqttclients\mqttclients\release\mqttclients.tlog\mqttclients.write.1u.tlog
